2025-07-17 14:51:33 [main] INFO  log - The Chrome driver is initiated.......
2025-07-17 14:51:36 [main] INFO  log - Entering the URL..........
2025-07-17 14:51:42 [main] INFO  log - Entering the user name and password........
2025-07-17 14:51:42 [main] INFO  log - Clicked on login button........
2025-07-17 14:51:43 [main] INFO  log - Validating the title........
2025-07-17 14:51:43 [main] INFO  log - Closing the browser
2025-07-17 18:02:51 [main] INFO  log - The Chrome driver is initiated.......
2025-07-17 18:02:53 [main] INFO  log - Entering the URL..........
2025-07-17 18:02:57 [main] INFO  log - Entering the user name and password........
2025-07-17 18:02:57 [main] INFO  log - Clicked on login button........
2025-07-17 18:02:57 [main] INFO  log - Validating the title........
2025-07-17 18:02:57 [main] INFO  log - Closing the browser
2025-07-17 18:06:14 [main] INFO  log - The Chrome driver is initiated.......
2025-07-17 18:06:15 [main] INFO  log - Entering the URL..........
2025-07-17 18:06:17 [main] INFO  log - Entering the user name and password........
2025-07-17 18:06:18 [main] INFO  log - Clicked on login button........
2025-07-17 18:06:18 [main] INFO  log - Validating the title........
2025-07-17 18:06:18 [main] INFO  log - Closing the browser
2025-07-17 18:06:51 [main] INFO  log - The Chrome driver is initiated.......
2025-07-17 18:06:52 [main] INFO  log - Entering the URL..........
2025-07-17 18:06:55 [main] INFO  log - Entering the user name and password........
2025-07-17 18:06:55 [main] INFO  log - Clicked on login button........
2025-07-17 18:06:55 [main] INFO  log - Validating the title........
2025-07-17 18:06:55 [main] INFO  log - Closing the browser
2025-07-17 18:06:55 [main] INFO  log - The Chrome driver is initiated.......
2025-07-17 18:06:56 [main] INFO  log - Entering the URL..........
2025-07-17 18:06:59 [main] INFO  log - Entering the user name and password........
2025-07-17 18:06:59 [main] INFO  log - Clicked on login button........
2025-07-17 18:06:59 [main] INFO  log - Validating the title........
2025-07-17 18:06:59 [main] INFO  log - Closing the browser
